<?xml version="1.0" encoding="UTF-8"?>
<!-- Generated by org.testng.reporters.JUnitXMLReporter -->
<testsuite hostname="L-156180933" ignored="0" name="Test" tests="5" failures="1" timestamp="2021-01-20T17:34:45 IST" time="23.044" errors="0">
  <testcase name="a_readExcelData" time="1.507" classname="com.testcases.TC_01_DataDriven">
    <failure type="java.lang.AssertionError">
      <![CDATA[java.lang.AssertionError
at org.junit.Assert.fail(Assert.java:86)
at org.junit.Assert.assertTrue(Assert.java:41)
at org.junit.Assert.assertTrue(Assert.java:52)
at com.testcases.TC_01_DataDriven.a_readExcelData(TC_01_DataDriven.java:64)
at java.util.ArrayList.forEach(ArrayList.java:1257)
... Removed 27 stack frames]]>
    </failure>
  </testcase> <!-- a_readExcelData -->
  <testcase name="b_simple" time="0.002" classname="com.testcases.TC_01_DataDriven"/>
  <testcase name="c_simple" time="0.001" classname="com.testcases.TC_01_DataDriven"/>
  <testcase name="d_simple" time="0.003" classname="com.testcases.TC_01_DataDriven"/>
  <testcase name="e_simple" time="0.003" classname="com.testcases.TC_01_DataDriven"/>
</testsuite> <!-- Test -->
